Started GET "/" for 127.0.0.1 at 2019-02-21 23:53:29 -0300
  
ActiveRecord::PendingMigrationError (

Migrations are pending. To resolve this issue, run:

        bin/rails db:migrate RAILS_ENV=development

):
  
activerecord (5.1.2) lib/active_record/migration.rb:576:in `check_pending!'
activerecord (5.1.2) lib/active_record/migration.rb:553:in `call'
actionpack (5.1.2) lib/action_dispatch/middleware/callbacks.rb:26:in `block in call'
activesupport (5.1.2) lib/active_support/callbacks.rb:97:in `run_callbacks'
actionpack (5.1.2) lib/action_dispatch/middleware/callbacks.rb:24:in `call'
actionpack (5.1.2) lib/action_dispatch/middleware/executor.rb:12:in `call'
actionpack (5.1.2) lib/action_dispatch/middleware/debug_exceptions.rb:59:in `call'
web-console (3.5.1) lib/web_console/middleware.rb:135:in `call_app'
web-console (3.5.1) lib/web_console/middleware.rb:28:in `block in call'
web-console (3.5.1) lib/web_console/middleware.rb:18:in `catch'
web-console (3.5.1) lib/web_console/middleware.rb:18:in `call'
actionpack (5.1.2) lib/action_dispatch/middleware/show_exceptions.rb:31:in `call'
railties (5.1.2) lib/rails/rack/logger.rb:36:in `call_app'
railties (5.1.2) lib/rails/rack/logger.rb:24:in `block in call'
activesupport (5.1.2) lib/active_support/tagged_logging.rb:69:in `block in tagged'
activesupport (5.1.2) lib/active_support/tagged_logging.rb:26:in `tagged'
activesupport (5.1.2) lib/active_support/tagged_logging.rb:69:in `tagged'
railties (5.1.2) lib/rails/rack/logger.rb:24:in `call'
sprockets-rails (3.2.0) lib/sprockets/rails/quiet_assets.rb:13:in `call'
actionpack (5.1.2) lib/action_dispatch/middleware/remote_ip.rb:79:in `call'
actionpack (5.1.2) lib/action_dispatch/middleware/request_id.rb:25:in `call'
rack (2.0.3) lib/rack/method_override.rb:22:in `call'
rack (2.0.3) lib/rack/runtime.rb:22:in `call'
activesupport (5.1.2) lib/active_support/cache/strategy/local_cache_middleware.rb:27:in `call'
actionpack (5.1.2) lib/action_dispatch/middleware/executor.rb:12:in `call'
actionpack (5.1.2) lib/action_dispatch/middleware/static.rb:125:in `call'
rack (2.0.3) lib/rack/sendfile.rb:111:in `call'
railties (5.1.2) lib/rails/engine.rb:522:in `call'
puma (3.9.1) lib/puma/configuration.rb:224:in `call'
puma (3.9.1) lib/puma/server.rb:602:in `handle_request'
puma (3.9.1) lib/puma/server.rb:435:in `process_client'
puma (3.9.1) lib/puma/server.rb:299:in `block in run'
puma (3.9.1) lib/puma/thread_pool.rb:120:in `block in spawn_thread'
  [1m[35m (0.1ms)[0m  [1m[34mSELECT sqlite_version(*)[0m
  [1m[35m (3.2ms)[0m  [1m[35mCREATE TABLE "schema_migrations" ("version" varchar NOT NULL PRIMARY KEY)[0m
  [1m[35m (3.5ms)[0m  [1m[35mCREATE TABLE "ar_internal_metadata" ("key" varchar NOT NULL PRIMARY KEY, "value" varchar, "created_at" datetime NOT NULL, "updated_at" datetime NOT NULL)[0m
  [1m[35m (0.3ms)[0m  [1m[34mSELECT "schema_migrations"."version" FROM "schema_migrations" ORDER BY "schema_migrations"."version" ASC[0m
Migrating to CreateHistories (20170703175956)
  [1m[35m (0.1ms)[0m  [1m[36mbegin transaction[0m
  [1m[35m (0.7ms)[0m  [1m[35mCREATE TABLE "histories" ("id" INTEGER PRIMARY KEY AUTOINCREMENT NOT NULL, "title" varchar, "picture" varchar, "content" text, "created_at" datetime NOT NULL, "updated_at" datetime NOT NULL)[0m
  [1m[35mSQL (0.3ms)[0m  [1m[32mINSERT INTO "schema_migrations" ("version") VALUES (?)[0m  [["version", "20170703175956"]]
  [1m[35m (3.4ms)[0m  [1m[36mcommit transaction[0m
  [1m[36mActiveRecord::InternalMetadata Load (0.3ms)[0m  [1m[34mSELECT  "ar_internal_metadata".* FROM "ar_internal_metadata" WHERE "ar_internal_metadata"."key" = ? LIMIT ?[0m  [["key", "environment"], ["LIMIT", 1]]
  [1m[35m (0.1ms)[0m  [1m[36mbegin transaction[0m
  [1m[35mSQL (0.6ms)[0m  [1m[32mINSERT INTO "ar_internal_metadata" ("key", "value", "created_at", "updated_at") VALUES (?, ?, ?, ?)[0m  [["key", "environment"], ["value", "development"], ["created_at", "2019-02-22 02:54:00.930618"], ["updated_at", "2019-02-22 02:54:00.930618"]]
  [1m[35m (3.2ms)[0m  [1m[36mcommit transaction[0m
  [1m[35m (0.2ms)[0m  [1m[34mSELECT "schema_migrations"."version" FROM "schema_migrations" ORDER BY "schema_migrations"."version" ASC[0m
Started GET "/" for 127.0.0.1 at 2019-02-21 23:54:03 -0300
  [1m[35m (0.4ms)[0m  [1m[34mSELECT "schema_migrations"."version" FROM "schema_migrations" ORDER BY "schema_migrations"."version" ASC[0m
Processing by HistoriesController#index as HTML
  Rendering histories/index.html.erb within layouts/application
  [1m[36mHistory Load (0.3ms)[0m  [1m[34mSELECT "histories".* FROM "histories"[0m
  Rendered histories/index.html.erb within layouts/application (4.7ms)
  Rendered shared/_navbar.html.erb (273.6ms)
Completed 500 Internal Server Error in 1497ms (ActiveRecord: 0.7ms)


  
ActionView::Template::Error (undefined method `logged?' for #<#<Class:0x00007f8c5e049330>:0x00007f8c5d189b38>
Did you mean?  logger?
               logger
               logger=):
    20:         <li class="dropdown">
    21:           <a href="#" class="dropdown-toggle" data-toggle="dropdown" role="button" aria-haspopup="true" aria-expanded="false">
    22: 
    23:             <% if logged? %>
    24:               <%= current_user.email %>
    25:               <% else %>
    26:               Ingreso
  
app/views/shared/_navbar.html.erb:23:in `_app_views_shared__navbar_html_erb__4520383841582315885_70120438517360'
app/views/layouts/application.html.erb:20:in `_app_views_layouts_application_html_erb__4138203611160924424_70120417123480'
Started GET "/" for 127.0.0.1 at 2019-02-21 23:55:09 -0300
Processing by HistoriesController#index as HTML
  Rendering histories/index.html.erb within layouts/application
  [1m[36mHistory Load (0.3ms)[0m  [1m[34mSELECT "histories".* FROM "histories"[0m
  Rendered histories/index.html.erb within layouts/application (3.4ms)
  Rendered shared/_navbar.html.erb (301.8ms)
Completed 500 Internal Server Error in 349ms (ActiveRecord: 0.3ms)


  
ActionView::Template::Error (undefined method `logged?' for #<#<Class:0x00007f8c5e049330>:0x00007f8c603cf4f8>
Did you mean?  logger?
               logger
               logger=):
    20:         <li class="dropdown">
    21:          
    22:           <ul class="dropdown-menu">
    23:             <% if logged? %>
    24:             <li><a href="<%= session_path(current_user)%>" data-method='DELETE'>Cerrar sesión
    25:               <% else %>
    26:             <li><a href="<%= users_sign_in_path %>">Ingreso</a></li>
  
app/views/shared/_navbar.html.erb:23:in `_app_views_shared__navbar_html_erb__4520383841582315885_70120443566900'
app/views/layouts/application.html.erb:20:in `_app_views_layouts_application_html_erb__4138203611160924424_70120443509100'
Started GET "/" for 127.0.0.1 at 2019-02-21 23:55:34 -0300
Processing by HistoriesController#index as HTML
  Rendering histories/index.html.erb within layouts/application
  [1m[36mHistory Load (0.4ms)[0m  [1m[34mSELECT "histories".* FROM "histories"[0m
  Rendered histories/index.html.erb within layouts/application (2.3ms)
  Rendered shared/_navbar.html.erb (1.0ms)
Completed 200 OK in 49ms (Views: 45.4ms | ActiveRecord: 0.4ms)


Started GET "/" for 127.0.0.1 at 2019-02-21 23:55:38 -0300
Processing by HistoriesController#index as HTML
  Rendering histories/index.html.erb within layouts/application
  [1m[36mHistory Load (0.3ms)[0m  [1m[34mSELECT "histories".* FROM "histories"[0m
  Rendered histories/index.html.erb within layouts/application (2.6ms)
  Rendered shared/_navbar.html.erb (0.6ms)
Completed 200 OK in 40ms (Views: 34.3ms | ActiveRecord: 0.3ms)


Started GET "/histories" for 127.0.0.1 at 2019-02-21 23:55:39 -0300
Processing by HistoriesController#index as HTML
  Rendering histories/index.html.erb within layouts/application
  [1m[36mHistory Load (0.7ms)[0m  [1m[34mSELECT "histories".* FROM "histories"[0m
  Rendered histories/index.html.erb within layouts/application (2.5ms)
  Rendered shared/_navbar.html.erb (0.8ms)
Completed 200 OK in 86ms (Views: 82.2ms | ActiveRecord: 0.7ms)


Started GET "/histories" for 127.0.0.1 at 2019-02-21 23:57:06 -0300
Processing by HistoriesController#index as HTML
  Rendering histories/index.html.erb within layouts/application
  [1m[36mHistory Load (0.3ms)[0m  [1m[34mSELECT "histories".* FROM "histories"[0m
  Rendered histories/index.html.erb within layouts/application (2.0ms)
  Rendered shared/_navbar.html.erb (294.4ms)
Completed 500 Internal Server Error in 486ms (ActiveRecord: 0.3ms)


  
ActionView::Template::Error (undefined method `logged?' for #<#<Class:0x00007f8c5e049330>:0x00007f8c5ff78e68>
Did you mean?  logger?
               logger
               logger=):
    20:         <li class="dropdown">
    21:           <a href="#" class="dropdown-toggle" data-toggle="dropdown" role="button" aria-haspopup="true" aria-expanded="false">
    22: 
    23:             <% if logged? %>
    24:               <%= current_user.email %>
    25:               <% else %>
    26:               Ingreso
  
app/views/shared/_navbar.html.erb:23:in `_app_views_shared__navbar_html_erb__4520383841582315885_70120444661640'
app/views/layouts/application.html.erb:20:in `_app_views_layouts_application_html_erb__4138203611160924424_70120444397120'
Started GET "/histories" for 127.0.0.1 at 2019-02-21 23:57:21 -0300
Processing by HistoriesController#index as HTML
  Rendering histories/index.html.erb within layouts/application
  [1m[36mHistory Load (0.3ms)[0m  [1m[34mSELECT "histories".* FROM "histories"[0m
  Rendered histories/index.html.erb within layouts/application (2.2ms)
  Rendered shared/_navbar.html.erb (0.6ms)
Completed 200 OK in 38ms (Views: 34.1ms | ActiveRecord: 0.3ms)


Started GET "/histories/new" for 127.0.0.1 at 2019-02-21 23:57:26 -0300
Processing by HistoriesController#new as HTML
  Rendering histories/new.html.erb within layouts/application
  Rendered histories/_form.html.erb (124.4ms)
  Rendered histories/new.html.erb within layouts/application (129.8ms)
  Rendered shared/_navbar.html.erb (0.6ms)
Completed 200 OK in 205ms (Views: 170.0ms | ActiveRecord: 1.2ms)


Started GET "/histories/new" for 127.0.0.1 at 2019-02-21 23:57:29 -0300
Processing by HistoriesController#new as HTML
  Rendering histories/new.html.erb within layouts/application
  Rendered histories/_form.html.erb (4.0ms)
  Rendered histories/new.html.erb within layouts/application (7.7ms)
  Rendered shared/_navbar.html.erb (0.8ms)
Completed 200 OK in 46ms (Views: 42.3ms | ActiveRecord: 0.0ms)


Started GET "/" for 127.0.0.1 at 2019-02-21 23:58:22 -0300
Processing by HistoriesController#index as HTML
  Rendering histories/index.html.erb within layouts/application
  [1m[36mHistory Load (0.4ms)[0m  [1m[34mSELECT "histories".* FROM "histories"[0m
  Rendered histories/index.html.erb within layouts/application (2.5ms)
  Rendered shared/_navbar.html.erb (0.8ms)
Completed 200 OK in 252ms (Views: 236.4ms | ActiveRecord: 0.4ms)


Started GET "/" for 127.0.0.1 at 2019-02-21 23:58:36 -0300
Processing by HistoriesController#index as HTML
  Rendering histories/index.html.erb within layouts/application
  [1m[36mHistory Load (0.3ms)[0m  [1m[34mSELECT "histories".* FROM "histories"[0m
  Rendered histories/index.html.erb within layouts/application (2.6ms)
  Rendered shared/_navbar.html.erb (0.6ms)
Completed 200 OK in 43ms (Views: 38.6ms | ActiveRecord: 0.3ms)


Started GET "/" for 127.0.0.1 at 2019-02-21 23:58:45 -0300
Processing by HistoriesController#index as HTML
  Rendering histories/index.html.erb within layouts/application
  [1m[36mHistory Load (0.3ms)[0m  [1m[34mSELECT "histories".* FROM "histories"[0m
  Rendered histories/index.html.erb within layouts/application (2.0ms)
  Rendered shared/_navbar.html.erb (0.9ms)
Completed 200 OK in 61ms (Views: 57.6ms | ActiveRecord: 0.3ms)


Started GET "/" for 127.0.0.1 at 2019-02-21 23:58:52 -0300
Processing by HistoriesController#index as HTML
  Rendering histories/index.html.erb within layouts/application
  [1m[36mHistory Load (0.5ms)[0m  [1m[34mSELECT "histories".* FROM "histories"[0m
  Rendered histories/index.html.erb within layouts/application (3.5ms)
  Rendered shared/_navbar.html.erb (0.8ms)
Completed 200 OK in 52ms (Views: 47.1ms | ActiveRecord: 0.5ms)


Started GET "/histories/new" for 127.0.0.1 at 2019-02-21 23:58:56 -0300
Processing by HistoriesController#new as HTML
  Rendering histories/new.html.erb within layouts/application
  Rendered histories/_form.html.erb (6.0ms)
  Rendered histories/new.html.erb within layouts/application (11.7ms)
  Rendered shared/_navbar.html.erb (0.9ms)
Completed 200 OK in 75ms (Views: 53.4ms | ActiveRecord: 0.0ms)


Started GET "/histories" for 127.0.0.1 at 2019-02-21 23:58:58 -0300
Processing by HistoriesController#index as HTML
  Rendering histories/index.html.erb within layouts/application
  [1m[36mHistory Load (0.3ms)[0m  [1m[34mSELECT "histories".* FROM "histories"[0m
  Rendered histories/index.html.erb within layouts/application (2.6ms)
  Rendered shared/_navbar.html.erb (0.7ms)
Completed 200 OK in 45ms (Views: 40.5ms | ActiveRecord: 0.3ms)


Started GET "/histories/users" for 127.0.0.1 at 2019-02-21 23:59:19 -0300
Processing by HistoriesController#show as HTML
  Parameters: {"id"=>"users"}
  [1m[36mHistory Load (0.5ms)[0m  [1m[34mSELECT  "histories".* FROM "histories" WHERE "histories"."id" = ? LIMIT ?[0m  [["id", 0], ["LIMIT", 1]]
Completed 404 Not Found in 295ms (ActiveRecord: 0.5ms)


  
ActiveRecord::RecordNotFound (Couldn't find History with 'id'=users):
  
app/controllers/histories_controller.rb:67:in `set_history'
Started GET "/" for 127.0.0.1 at 2019-02-22 00:06:31 -0300
Processing by HistoriesController#index as HTML
  Rendering histories/index.html.erb within layouts/application
  [1m[36mHistory Load (1.1ms)[0m  [1m[34mSELECT "histories".* FROM "histories"[0m
  Rendered histories/index.html.erb within layouts/application (19.5ms)
  Rendered shared/_navbar.html.erb (1.1ms)
Completed 200 OK in 325ms (Views: 267.6ms | ActiveRecord: 1.1ms)


Started GET "/" for 127.0.0.1 at 2019-02-22 00:07:44 -0300
Processing by HistoriesController#index as HTML
  Rendering histories/index.html.erb within layouts/application
  [1m[36mHistory Load (0.4ms)[0m  [1m[34mSELECT "histories".* FROM "histories"[0m
  Rendered histories/index.html.erb within layouts/application (2.8ms)
  Rendered shared/_navbar.html.erb (1.0ms)
Completed 200 OK in 204ms (Views: 181.3ms | ActiveRecord: 0.4ms)


Started GET "/histories/new" for 127.0.0.1 at 2019-02-22 00:07:51 -0300
Processing by HistoriesController#new as HTML
  Rendering histories/new.html.erb within layouts/application
  Rendered histories/_form.html.erb (9.2ms)
  Rendered histories/new.html.erb within layouts/application (14.5ms)
  Rendered shared/_navbar.html.erb (0.7ms)
Completed 200 OK in 84ms (Views: 55.4ms | ActiveRecord: 0.0ms)


Started GET "/" for 127.0.0.1 at 2019-02-23 14:12:20 -0300
  [1m[35m (0.3ms)[0m  [1m[34mSELECT "schema_migrations"."version" FROM "schema_migrations" ORDER BY "schema_migrations"."version" ASC[0m
Processing by HistoriesController#index as HTML
  Rendering histories/index.html.erb within layouts/application
  [1m[36mHistory Load (0.3ms)[0m  [1m[34mSELECT "histories".* FROM "histories"[0m
  Rendered histories/index.html.erb within layouts/application (11.2ms)
  Rendered shared/_navbar.html.erb (0.6ms)
Completed 200 OK in 651ms (Views: 616.7ms | ActiveRecord: 0.6ms)


Started GET "/histories/new" for 127.0.0.1 at 2019-02-23 14:12:26 -0300
Processing by HistoriesController#new as HTML
  Rendering histories/new.html.erb within layouts/application
  Rendered histories/_form.html.erb (52.4ms)
  Rendered histories/new.html.erb within layouts/application (56.4ms)
  Rendered shared/_navbar.html.erb (1.2ms)
Completed 200 OK in 109ms (Views: 94.3ms | ActiveRecord: 0.7ms)


Started POST "/histories" for 127.0.0.1 at 2019-02-23 14:12:55 -0300
Processing by HistoriesController#create as HTML
  Parameters: {"utf8"=>"✓", "authenticity_token"=>"caYEcSasOTD80rF0KDuaMQRNo4cCtBo1wTMUqLe99H0V2J7SKkoj+w0Wsve4rZSZCLtYBbFZgCC/fOwmRSIyJQ==", "history"=>{"title"=>"Im learning RoR", "remote_picture_url"=>"https://www.waketech.edu/sites/default/files/styles/16x9_md_1_400_x_265_/public/program-images/16x9/ComputerProgramming16x9.jpg?itok=-vW5jWc3", "picture_cache"=>"", "content"=>"I'm resolving the fixes in challenge30"}, "commit"=>"Enviar"}
Unpermitted parameter: :picture_cache
Completed 500 Internal Server Error in 2038ms (ActiveRecord: 0.0ms)


  
NoMethodError (undefined method `current_user' for #<#<Class:0x00007f987bae9000>:0x00007f987f151368>
Did you mean?  current_page?):
  
app/controllers/histories_controller.rb:28:in `create'
Started GET "/users/sign_up" for 127.0.0.1 at 2019-02-23 14:15:19 -0300
Processing by UsersController#new as HTML
Completed 500 Internal Server Error in 27ms (ActiveRecord: 0.2ms)


  
ActiveRecord::StatementInvalid (Could not find table 'users'):
  
app/controllers/users_controller.rb:3:in `new'
Started GET "/" for 127.0.0.1 at 2019-02-23 14:16:45 -0300
Processing by HistoriesController#index as HTML
  Rendering histories/index.html.erb within layouts/application
  [1m[36mHistory Load (0.3ms)[0m  [1m[34mSELECT "histories".* FROM "histories"[0m
  Rendered histories/index.html.erb within layouts/application (3.6ms)
  Rendered shared/_navbar.html.erb (1.1ms)
Completed 200 OK in 438ms (Views: 364.8ms | ActiveRecord: 0.3ms)


Started GET "/" for 127.0.0.1 at 2019-02-23 14:17:20 -0300
Processing by HistoriesController#index as HTML
  Rendering histories/index.html.erb within layouts/application
  [1m[36mHistory Load (0.2ms)[0m  [1m[34mSELECT "histories".* FROM "histories"[0m
  Rendered histories/index.html.erb within layouts/application (2.5ms)
  Rendered shared/_navbar.html.erb (0.8ms)
Completed 200 OK in 49ms (Views: 45.8ms | ActiveRecord: 0.2ms)


Started GET "/histories/new" for 127.0.0.1 at 2019-02-23 14:42:40 -0300
Processing by HistoriesController#new as HTML
  Rendering histories/new.html.erb within layouts/application
  Rendered histories/_form.html.erb (18.5ms)
  Rendered histories/new.html.erb within layouts/application (64.6ms)
  Rendered shared/_navbar.html.erb (1.2ms)
Completed 200 OK in 307ms (Views: 257.2ms | ActiveRecord: 0.0ms)


Started POST "/histories" for 127.0.0.1 at 2019-02-23 14:43:05 -0300
Processing by HistoriesController#create as HTML
  Parameters: {"utf8"=>"✓", "authenticity_token"=>"4khDG7lztHExYI4zPE9mQrbdV8ZZt+JY8TWavTL9U4qGNtm4tZWuusCkjbCs2WjquiusROpaeE2PemIzwGKV0g==", "history"=>{"title"=>"Im learning RoR", "remote_picture_url"=>"https://www.waketech.edu/sites/default/files/styles/16x9_md_1_400_x_265_/public/program-images/16x9/ComputerProgramming16x9.jpg?itok=-vW5jWc3", "picture_cache"=>"", "content"=>"I'm resolving the fixes in challenge30."}, "commit"=>"Enviar"}
Unpermitted parameter: :picture_cache
Completed 500 Internal Server Error in 2758ms (ActiveRecord: 0.0ms)


  
NoMethodError (undefined method `current_user' for #<#<Class:0x00007f987bae9000>:0x00007f987f84a200>
Did you mean?  current_page?):
  
app/controllers/histories_controller.rb:28:in `create'
Started POST "/histories" for 127.0.0.1 at 2019-02-23 14:43:43 -0300
Processing by HistoriesController#create as HTML
  Parameters: {"utf8"=>"✓", "authenticity_token"=>"4khDG7lztHExYI4zPE9mQrbdV8ZZt+JY8TWavTL9U4qGNtm4tZWuusCkjbCs2WjquiusROpaeE2PemIzwGKV0g==", "history"=>{"title"=>"Im learning RoR", "remote_picture_url"=>"https://www.waketech.edu/sites/default/files/styles/16x9_md_1_400_x_265_/public/program-images/16x9/ComputerProgramming16x9.jpg?itok=-vW5jWc3", "picture_cache"=>"", "content"=>"I'm resolving the fixes in challenge30."}, "commit"=>"Enviar"}
Unpermitted parameter: :picture_cache
Completed 500 Internal Server Error in 2634ms (ActiveRecord: 1.7ms)


  
NoMethodError (undefined method `current_page' for #<#<Class:0x00007f987cf18850>:0x00007f987cf12ba8>
Did you mean?  current_page?):
  
app/controllers/histories_controller.rb:28:in `create'
Started POST "/__web_console/repl_sessions/938692bbe2d90c6ea777e7888ac9e691/trace" for 127.0.0.1 at 2019-02-23 14:43:57 -0300
Started POST "/histories" for 127.0.0.1 at 2019-02-23 14:44:44 -0300
Processing by HistoriesController#create as HTML
  Parameters: {"utf8"=>"✓", "authenticity_token"=>"4khDG7lztHExYI4zPE9mQrbdV8ZZt+JY8TWavTL9U4qGNtm4tZWuusCkjbCs2WjquiusROpaeE2PemIzwGKV0g==", "history"=>{"title"=>"Im learning RoR", "remote_picture_url"=>"https://www.waketech.edu/sites/default/files/styles/16x9_md_1_400_x_265_/public/program-images/16x9/ComputerProgramming16x9.jpg?itok=-vW5jWc3", "picture_cache"=>"", "content"=>"I'm resolving the fixes in challenge30."}, "commit"=>"Enviar"}
Unpermitted parameter: :picture_cache
Completed 500 Internal Server Error in 1826ms (ActiveRecord: 1.6ms)


  
NoMethodError (undefined method `current_user' for #<#<Class:0x00007f987f3431d0>:0x00007f987f341588>
Did you mean?  current_page?):
  
app/controllers/histories_controller.rb:28:in `create'
  [1m[35m (0.3ms)[0m  [1m[34mSELECT "schema_migrations"."version" FROM "schema_migrations" ORDER BY "schema_migrations"."version" ASC[0m
  [1m[36mActiveRecord::InternalMetadata Load (0.3ms)[0m  [1m[34mSELECT  "ar_internal_metadata".* FROM "ar_internal_metadata" WHERE "ar_internal_metadata"."key" = ? LIMIT ?[0m  [["key", "environment"], ["LIMIT", 1]]
  [1m[35m (0.1ms)[0m  [1m[36mbegin transaction[0m
  [1m[35m (0.1ms)[0m  [1m[36mcommit transaction[0m
  [1m[35m (0.1ms)[0m  [1m[34mSELECT "schema_migrations"."version" FROM "schema_migrations" ORDER BY "schema_migrations"."version" ASC[0m
Started POST "/histories" for 127.0.0.1 at 2019-02-23 14:49:21 -0300
Processing by HistoriesController#create as HTML
  Parameters: {"utf8"=>"✓", "authenticity_token"=>"4khDG7lztHExYI4zPE9mQrbdV8ZZt+JY8TWavTL9U4qGNtm4tZWuusCkjbCs2WjquiusROpaeE2PemIzwGKV0g==", "history"=>{"title"=>"Im learning RoR", "remote_picture_url"=>"https://www.waketech.edu/sites/default/files/styles/16x9_md_1_400_x_265_/public/program-images/16x9/ComputerProgramming16x9.jpg?itok=-vW5jWc3", "picture_cache"=>"", "content"=>"I'm resolving the fixes in challenge30."}, "commit"=>"Enviar"}
Unpermitted parameter: :picture_cache
Completed 500 Internal Server Error in 2713ms (ActiveRecord: 1.8ms)


  
NoMethodError (undefined method `current_user' for #<#<Class:0x00007f987e0d2398>:0x00007f987e0c9f68>
Did you mean?  current_page?):
  
app/controllers/histories_controller.rb:28:in `create'
Started GET "/" for 127.0.0.1 at 2019-02-23 15:23:37 -0300
  [1m[35m (21.2ms)[0m  [1m[34mSELECT "schema_migrations"."version" FROM "schema_migrations" ORDER BY "schema_migrations"."version" ASC[0m
Processing by HistoriesController#index as HTML
  Rendering histories/index.html.erb within layouts/application
  [1m[36mHistory Load (12.1ms)[0m  [1m[34mSELECT "histories".* FROM "histories"[0m
  Rendered histories/index.html.erb within layouts/application (18.3ms)
  Rendered shared/_navbar.html.erb (2.1ms)
Completed 200 OK in 763ms (Views: 647.9ms | ActiveRecord: 12.7ms)


Started GET "/histories/new" for 127.0.0.1 at 2019-02-23 15:23:41 -0300
Processing by HistoriesController#new as HTML
  Rendering histories/new.html.erb within layouts/application
  Rendered histories/_form.html.erb (80.9ms)
  Rendered histories/new.html.erb within layouts/application (95.5ms)
  Rendered shared/_navbar.html.erb (0.7ms)
Completed 200 OK in 162ms (Views: 140.4ms | ActiveRecord: 0.7ms)


Started POST "/histories" for 127.0.0.1 at 2019-02-23 15:24:00 -0300
Processing by HistoriesController#create as HTML
  Parameters: {"utf8"=>"✓", "authenticity_token"=>"6zOdRXePj86ObIe5Wgf2CXZ66DRa/PDvk4TELe7zLSiPTQfme2mVBX+ohDrKkfiheowTtukRavrtyzyjHGzrcA==", "history"=>{"title"=>"Im learning RoR", "remote_picture_url"=>"https://www.waketech.edu/sites/default/files/styles/16x9_md_1_400_x_265_/public/program-images/16x9/ComputerProgramming16x9.jpg?itok=-vW5jWc3", "picture_cache"=>"", "content"=>"I'm resolving the fixes in challenge30."}, "commit"=>"Enviar"}
Unpermitted parameter: :picture_cache
Completed 500 Internal Server Error in 2614ms (ActiveRecord: 0.0ms)


  
NoMethodError (undefined method `current_user' for #<#<Class:0x00007fe05c41a660>:0x00007fe05f978550>
Did you mean?  current_page?):
  
app/controllers/histories_controller.rb:28:in `create'
Started POST "/__web_console/repl_sessions/d1f82f17c596d6b020f26d235065e752/trace" for 127.0.0.1 at 2019-02-23 15:24:16 -0300
Started POST "/histories" for 127.0.0.1 at 2019-02-23 15:25:09 -0300
Processing by HistoriesController#create as HTML
  Parameters: {"utf8"=>"✓", "authenticity_token"=>"6zOdRXePj86ObIe5Wgf2CXZ66DRa/PDvk4TELe7zLSiPTQfme2mVBX+ohDrKkfiheowTtukRavrtyzyjHGzrcA==", "history"=>{"title"=>"Im learning RoR", "remote_picture_url"=>"https://www.waketech.edu/sites/default/files/styles/16x9_md_1_400_x_265_/public/program-images/16x9/ComputerProgramming16x9.jpg?itok=-vW5jWc3", "picture_cache"=>"", "content"=>"I'm resolving the fixes in challenge30."}, "commit"=>"Enviar"}
Unpermitted parameter: :picture_cache
Completed 500 Internal Server Error in 1880ms (ActiveRecord: 1.9ms)


  
NoMethodError (undefined method `current_user' for #<#<Class:0x00007fe05daa87d8>:0x00007fe05da981a8>
Did you mean?  current_page?):
  
app/controllers/histories_controller.rb:28:in `create'
Started POST "/histories" for 127.0.0.1 at 2019-02-23 15:25:35 -0300
  
SyntaxError (/Users/cote/Desktop/challenge30/app/controllers/histories_controller.rb:79: syntax error, unexpected keyword_end, expecting end-of-input):
  
app/controllers/histories_controller.rb:79: syntax error, unexpected keyword_end, expecting end-of-input
Started POST "/histories" for 127.0.0.1 at 2019-02-23 15:25:46 -0300
Processing by HistoriesController#create as HTML
  Parameters: {"utf8"=>"✓", "authenticity_token"=>"6zOdRXePj86ObIe5Wgf2CXZ66DRa/PDvk4TELe7zLSiPTQfme2mVBX+ohDrKkfiheowTtukRavrtyzyjHGzrcA==", "history"=>{"title"=>"Im learning RoR", "remote_picture_url"=>"https://www.waketech.edu/sites/default/files/styles/16x9_md_1_400_x_265_/public/program-images/16x9/ComputerProgramming16x9.jpg?itok=-vW5jWc3", "picture_cache"=>"", "content"=>"I'm resolving the fixes in challenge30."}, "commit"=>"Enviar"}
Unpermitted parameter: :picture_cache
Completed 500 Internal Server Error in 3942ms (ActiveRecord: 1.9ms)


  
NoMethodError (undefined method `current_user' for #<#<Class:0x00007fe05dd80d98>:0x00007fe05eec1f30>
Did you mean?  current_page?):
  
app/controllers/histories_controller.rb:30:in `create'
Started POST "/histories" for 127.0.0.1 at 2019-02-23 15:27:05 -0300
Processing by HistoriesController#create as HTML
  Parameters: {"utf8"=>"✓", "authenticity_token"=>"6zOdRXePj86ObIe5Wgf2CXZ66DRa/PDvk4TELe7zLSiPTQfme2mVBX+ohDrKkfiheowTtukRavrtyzyjHGzrcA==", "history"=>{"title"=>"Im learning RoR", "remote_picture_url"=>"https://www.waketech.edu/sites/default/files/styles/16x9_md_1_400_x_265_/public/program-images/16x9/ComputerProgramming16x9.jpg?itok=-vW5jWc3", "picture_cache"=>"", "content"=>"I'm resolving the fixes in challenge30."}, "commit"=>"Enviar"}
Unpermitted parameter: :picture_cache
Completed 500 Internal Server Error in 1875ms (ActiveRecord: 8.0ms)


  
NameError (undefined local variable or method `current_user' for #<HistoriesController:0x00007fe05d95b9e8>):
  
app/controllers/histories_controller.rb:30:in `create'
Started POST "/histories" for 127.0.0.1 at 2019-02-23 15:28:09 -0300
Processing by HistoriesController#create as HTML
  Parameters: {"utf8"=>"✓", "authenticity_token"=>"6zOdRXePj86ObIe5Wgf2CXZ66DRa/PDvk4TELe7zLSiPTQfme2mVBX+ohDrKkfiheowTtukRavrtyzyjHGzrcA==", "history"=>{"title"=>"Im learning RoR", "remote_picture_url"=>"https://www.waketech.edu/sites/default/files/styles/16x9_md_1_400_x_265_/public/program-images/16x9/ComputerProgramming16x9.jpg?itok=-vW5jWc3", "picture_cache"=>"", "content"=>"I'm resolving the fixes in challenge30."}, "commit"=>"Enviar"}
Unpermitted parameter: :picture_cache
Completed 500 Internal Server Error in 1930ms (ActiveRecord: 1.9ms)


  
NoMethodError (undefined method `current_user' for #<#<Class:0x00007fe0600ab610>:0x00007fe0600a99f0>
Did you mean?  current_page?):
  
app/controllers/histories_controller.rb:30:in `create'
